19:29:48:177  INFO 10368 --- [main] com.hmall.item.ItemApplication           : The following 1 profile is active: "local"
19:29:48:856 ERROR 10368 --- [main] o.s.boot.SpringApplication               : Application run failed

java.lang.IllegalStateException: Error processing condition on com.hmall.common.config.MyBatisConfig.mybatisPlusInterceptor
	at org.springframework.boot.autoconfigure.condition.SpringBootCondition.matches(SpringBootCondition.java:60) ~[spring-boot-autoconfigure-2.7.12.jar:2.7.12]
	at org.springframework.context.annotation.ConditionEvaluator.shouldSkip(ConditionEvaluator.java:108) ~[spring-context-5.3.27.jar:5.3.27]
	at org.springframework.context.annotation.ConfigurationClassBeanDefinitionReader.loadBeanDefinitionsForBeanMethod(ConfigurationClassBeanDefinitionReader.java:193) ~[spring-context-5.3.27.jar:5.3.27]
	at org.springframework.context.annotation.ConfigurationClassBeanDefinitionReader.loadBeanDefinitionsForConfigurationClass(ConfigurationClassBeanDefinitionReader.java:153) ~[spring-context-5.3.27.jar:5.3.27]
	at org.springframework.context.annotation.ConfigurationClassBeanDefinitionReader.loadBeanDefinitions(ConfigurationClassBeanDefinitionReader.java:129) ~[spring-context-5.3.27.jar:5.3.27]
	at org.springframework.context.annotation.ConfigurationClassPostProcessor.processConfigBeanDefinitions(ConfigurationClassPostProcessor.java:343) ~[spring-context-5.3.27.jar:5.3.27]
	at org.springframework.context.annotation.ConfigurationClassPostProcessor.postProcessBeanDefinitionRegistry(ConfigurationClassPostProcessor.java:247) ~[spring-context-5.3.27.jar:5.3.27]
	at org.springframework.context.support.PostProcessorRegistrationDelegate.invokeBeanDefinitionRegistryPostProcessors(PostProcessorRegistrationDelegate.java:311) ~[spring-context-5.3.27.jar:5.3.27]
	at org.springframework.context.support.PostProcessorRegistrationDelegate.invokeBeanFactoryPostProcessors(PostProcessorRegistrationDelegate.java:112) ~[spring-context-5.3.27.jar:5.3.27]
	at org.springframework.context.support.AbstractApplicationContext.invokeBeanFactoryPostProcessors(AbstractApplicationContext.java:748) ~[spring-context-5.3.27.jar:5.3.27]
	at org.springframework.context.support.AbstractApplicationContext.refresh(AbstractApplicationContext.java:564) ~[spring-context-5.3.27.jar:5.3.27]
	at org.springframework.boot.web.servlet.context.ServletWebServerApplicationContext.refresh(ServletWebServerApplicationContext.java:147) ~[spring-boot-2.7.12.jar:2.7.12]
	at org.springframework.boot.SpringApplication.refresh(SpringApplication.java:731) ~[spring-boot-2.7.12.jar:2.7.12]
	at org.springframework.boot.SpringApplication.refreshContext(SpringApplication.java:408) ~[spring-boot-2.7.12.jar:2.7.12]
	at org.springframework.boot.SpringApplication.run(SpringApplication.java:307) ~[spring-boot-2.7.12.jar:2.7.12]
	at org.springframework.boot.SpringApplication.run(SpringApplication.java:1303) ~[spring-boot-2.7.12.jar:2.7.12]
	at org.springframework.boot.SpringApplication.run(SpringApplication.java:1292) ~[spring-boot-2.7.12.jar:2.7.12]
	at com.hmall.item.ItemApplication.main(ItemApplication.java:15) ~[classes/:na]
Caused by: java.lang.IllegalStateException: Failed to introspect Class [com.hmall.common.config.MqConfig] from ClassLoader [jdk.internal.loader.ClassLoaders$AppClassLoader@7b1d7fff]
	at org.springframework.util.ReflectionUtils.getDeclaredMethods(ReflectionUtils.java:485) ~[spring-core-5.3.27.jar:5.3.27]
	at org.springframework.util.ReflectionUtils.doWithMethods(ReflectionUtils.java:361) ~[spring-core-5.3.27.jar:5.3.27]
	at org.springframework.util.ReflectionUtils.getUniqueDeclaredMethods(ReflectionUtils.java:418) ~[spring-core-5.3.27.jar:5.3.27]
	at org.springframework.beans.factory.support.AbstractAutowireCapableBeanFactory.lambda$getTypeForFactoryMethod$2(AbstractAutowireCapableBeanFactory.java:765) ~[spring-beans-5.3.27.jar:5.3.27]
	at java.base/java.util.concurrent.ConcurrentHashMap.computeIfAbsent(ConcurrentHashMap.java:1705) ~[na:na]
	at org.springframework.beans.factory.support.AbstractAutowireCapableBeanFactory.getTypeForFactoryMethod(AbstractAutowireCapableBeanFactory.java:764) ~[spring-beans-5.3.27.jar:5.3.27]
	at org.springframework.beans.factory.support.AbstractAutowireCapableBeanFactory.determineTargetType(AbstractAutowireCapableBeanFactory.java:703) ~[spring-beans-5.3.27.jar:5.3.27]
	at org.springframework.beans.factory.support.AbstractAutowireCapableBeanFactory.predictBeanType(AbstractAutowireCapableBeanFactory.java:674) ~[spring-beans-5.3.27.jar:5.3.27]
	at org.springframework.beans.factory.support.AbstractBeanFactory.isFactoryBean(AbstractBeanFactory.java:1684) ~[spring-beans-5.3.27.jar:5.3.27]
	at org.springframework.beans.factory.support.DefaultListableBeanFactory.doGetBeanNamesForType(DefaultListableBeanFactory.java:570) ~[spring-beans-5.3.27.jar:5.3.27]
	at org.springframework.beans.factory.support.DefaultListableBeanFactory.getBeanNamesForType(DefaultListableBeanFactory.java:542) ~[spring-beans-5.3.27.jar:5.3.27]
	at org.springframework.boot.autoconfigure.condition.OnBeanCondition.collectBeanNamesForType(OnBeanCondition.java:246) ~[spring-boot-autoconfigure-2.7.12.jar:2.7.12]
	at org.springframework.boot.autoconfigure.condition.OnBeanCondition.getBeanNamesForType(OnBeanCondition.java:239) ~[spring-boot-autoconfigure-2.7.12.jar:2.7.12]
	at org.springframework.boot.autoconfigure.condition.OnBeanCondition.getBeanNamesForType(OnBeanCondition.java:229) ~[spring-boot-autoconfigure-2.7.12.jar:2.7.12]
	at org.springframework.boot.autoconfigure.condition.OnBeanCondition.getMatchingBeans(OnBeanCondition.java:182) ~[spring-boot-autoconfigure-2.7.12.jar:2.7.12]
	at org.springframework.boot.autoconfigure.condition.OnBeanCondition.getMatchOutcome(OnBeanCondition.java:157) ~[spring-boot-autoconfigure-2.7.12.jar:2.7.12]
	at org.springframework.boot.autoconfigure.condition.SpringBootCondition.matches(SpringBootCondition.java:47) ~[spring-boot-autoconfigure-2.7.12.jar:2.7.12]
	... 17 common frames omitted
Caused by: java.lang.NoClassDefFoundError: org/springframework/amqp/support/converter/MessageConverter
	at java.base/java.lang.Class.getDeclaredMethods0(Native Method) ~[na:na]
	at java.base/java.lang.Class.privateGetDeclaredMethods(Class.java:3166) ~[na:na]
	at java.base/java.lang.Class.getDeclaredMethods(Class.java:2309) ~[na:na]
	at org.springframework.util.ReflectionUtils.getDeclaredMethods(ReflectionUtils.java:467) ~[spring-core-5.3.27.jar:5.3.27]
	... 33 common frames omitted
Caused by: java.lang.ClassNotFoundException: org.springframework.amqp.support.converter.MessageConverter
	at java.base/jdk.internal.loader.BuiltinClassLoader.loadClass(BuiltinClassLoader.java:581) ~[na:na]
	at java.base/jdk.internal.loader.ClassLoaders$AppClassLoader.loadClass(ClassLoaders.java:178) ~[na:na]
	at java.base/java.lang.ClassLoader.loadClass(ClassLoader.java:526) ~[na:na]
	... 37 common frames omitted

19:29:48:858  WARN 10368 --- [main] o.s.boot.SpringApplication               : Unable to close ApplicationContext

java.lang.IllegalStateException: Failed to introspect Class [com.hmall.common.config.MqConfig] from ClassLoader [jdk.internal.loader.ClassLoaders$AppClassLoader@7b1d7fff]
	at org.springframework.util.ReflectionUtils.getDeclaredMethods(ReflectionUtils.java:485) ~[spring-core-5.3.27.jar:5.3.27]
	at org.springframework.util.ReflectionUtils.doWithMethods(ReflectionUtils.java:361) ~[spring-core-5.3.27.jar:5.3.27]
	at org.springframework.util.ReflectionUtils.getUniqueDeclaredMethods(ReflectionUtils.java:418) ~[spring-core-5.3.27.jar:5.3.27]
	at org.springframework.beans.factory.support.AbstractAutowireCapableBeanFactory.lambda$getTypeForFactoryMethod$2(AbstractAutowireCapableBeanFactory.java:765) ~[spring-beans-5.3.27.jar:5.3.27]
	at java.base/java.util.concurrent.ConcurrentHashMap.computeIfAbsent(ConcurrentHashMap.java:1705) ~[na:na]
	at org.springframework.beans.factory.support.AbstractAutowireCapableBeanFactory.getTypeForFactoryMethod(AbstractAutowireCapableBeanFactory.java:764) ~[spring-beans-5.3.27.jar:5.3.27]
	at org.springframework.beans.factory.support.AbstractAutowireCapableBeanFactory.determineTargetType(AbstractAutowireCapableBeanFactory.java:703) ~[spring-beans-5.3.27.jar:5.3.27]
	at org.springframework.beans.factory.support.AbstractAutowireCapableBeanFactory.predictBeanType(AbstractAutowireCapableBeanFactory.java:674) ~[spring-beans-5.3.27.jar:5.3.27]
	at org.springframework.beans.factory.support.AbstractBeanFactory.isFactoryBean(AbstractBeanFactory.java:1684) ~[spring-beans-5.3.27.jar:5.3.27]
	at org.springframework.beans.factory.support.DefaultListableBeanFactory.doGetBeanNamesForType(DefaultListableBeanFactory.java:570) ~[spring-beans-5.3.27.jar:5.3.27]
	at org.springframework.beans.factory.support.DefaultListableBeanFactory.getBeanNamesForType(DefaultListableBeanFactory.java:542) ~[spring-beans-5.3.27.jar:5.3.27]
	at org.springframework.beans.factory.support.DefaultListableBeanFactory.getBeansOfType(DefaultListableBeanFactory.java:669) ~[spring-beans-5.3.27.jar:5.3.27]
	at org.springframework.beans.factory.support.DefaultListableBeanFactory.getBeansOfType(DefaultListableBeanFactory.java:661) ~[spring-beans-5.3.27.jar:5.3.27]
	at org.springframework.context.support.AbstractApplicationContext.getBeansOfType(AbstractApplicationContext.java:1302) ~[spring-context-5.3.27.jar:5.3.27]
	at org.springframework.boot.SpringApplication.getExitCodeFromMappedException(SpringApplication.java:864) ~[spring-boot-2.7.12.jar:2.7.12]
	at org.springframework.boot.SpringApplication.getExitCodeFromException(SpringApplication.java:852) ~[spring-boot-2.7.12.jar:2.7.12]
	at org.springframework.boot.SpringApplication.handleExitCode(SpringApplication.java:839) ~[spring-boot-2.7.12.jar:2.7.12]
	at org.springframework.boot.SpringApplication.handleRunFailure(SpringApplication.java:779) ~[spring-boot-2.7.12.jar:2.7.12]
	at org.springframework.boot.SpringApplication.run(SpringApplication.java:317) ~[spring-boot-2.7.12.jar:2.7.12]
	at org.springframework.boot.SpringApplication.run(SpringApplication.java:1303) ~[spring-boot-2.7.12.jar:2.7.12]
	at org.springframework.boot.SpringApplication.run(SpringApplication.java:1292) ~[spring-boot-2.7.12.jar:2.7.12]
	at com.hmall.item.ItemApplication.main(ItemApplication.java:15) ~[classes/:na]
Caused by: java.lang.NoClassDefFoundError: org/springframework/amqp/support/converter/MessageConverter
	at java.base/java.lang.Class.getDeclaredMethods0(Native Method) ~[na:na]
	at java.base/java.lang.Class.privateGetDeclaredMethods(Class.java:3166) ~[na:na]
	at java.base/java.lang.Class.getDeclaredMethods(Class.java:2309) ~[na:na]
	at org.springframework.util.ReflectionUtils.getDeclaredMethods(ReflectionUtils.java:467) ~[spring-core-5.3.27.jar:5.3.27]
	... 21 common frames omitted
Caused by: java.lang.ClassNotFoundException: org.springframework.amqp.support.converter.MessageConverter
	at java.base/jdk.internal.loader.BuiltinClassLoader.loadClass(BuiltinClassLoader.java:581) ~[na:na]
	at java.base/jdk.internal.loader.ClassLoaders$AppClassLoader.loadClass(ClassLoaders.java:178) ~[na:na]
	at java.base/java.lang.ClassLoader.loadClass(ClassLoader.java:526) ~[na:na]
	... 25 common frames omitted

19:29:48:859  WARN 10368 --- [Thread-1] c.a.n.common.http.HttpClientBeanHolder   : [HttpClientBeanHolder] Start destroying common HttpClient
19:29:48:859  WARN 10368 --- [Thread-5] c.a.nacos.common.notify.NotifyCenter     : [NotifyCenter] Start destroying Publisher
19:29:48:860  WARN 10368 --- [Thread-5] c.a.nacos.common.notify.NotifyCenter     : [NotifyCenter] Destruction of the end
19:29:50:989  INFO 10680 --- [main] com.hmall.item.ItemApplication           : The following 1 profile is active: "local"
19:29:52:034 ERROR 10680 --- [main] o.s.boot.SpringApplication               : Application run failed

java.lang.IllegalStateException: Error processing condition on com.hmall.common.config.MyBatisConfig.mybatisPlusInterceptor
	at org.springframework.boot.autoconfigure.condition.SpringBootCondition.matches(SpringBootCondition.java:60) ~[spring-boot-autoconfigure-2.7.12.jar:2.7.12]
	at org.springframework.context.annotation.ConditionEvaluator.shouldSkip(ConditionEvaluator.java:108) ~[spring-context-5.3.27.jar:5.3.27]
	at org.springframework.context.annotation.ConfigurationClassBeanDefinitionReader.loadBeanDefinitionsForBeanMethod(ConfigurationClassBeanDefinitionReader.java:193) ~[spring-context-5.3.27.jar:5.3.27]
	at org.springframework.context.annotation.ConfigurationClassBeanDefinitionReader.loadBeanDefinitionsForConfigurationClass(ConfigurationClassBeanDefinitionReader.java:153) ~[spring-context-5.3.27.jar:5.3.27]
	at org.springframework.context.annotation.ConfigurationClassBeanDefinitionReader.loadBeanDefinitions(ConfigurationClassBeanDefinitionReader.java:129) ~[spring-context-5.3.27.jar:5.3.27]
	at org.springframework.context.annotation.ConfigurationClassPostProcessor.processConfigBeanDefinitions(ConfigurationClassPostProcessor.java:343) ~[spring-context-5.3.27.jar:5.3.27]
	at org.springframework.context.annotation.ConfigurationClassPostProcessor.postProcessBeanDefinitionRegistry(ConfigurationClassPostProcessor.java:247) ~[spring-context-5.3.27.jar:5.3.27]
	at org.springframework.context.support.PostProcessorRegistrationDelegate.invokeBeanDefinitionRegistryPostProcessors(PostProcessorRegistrationDelegate.java:311) ~[spring-context-5.3.27.jar:5.3.27]
	at org.springframework.context.support.PostProcessorRegistrationDelegate.invokeBeanFactoryPostProcessors(PostProcessorRegistrationDelegate.java:112) ~[spring-context-5.3.27.jar:5.3.27]
	at org.springframework.context.support.AbstractApplicationContext.invokeBeanFactoryPostProcessors(AbstractApplicationContext.java:748) ~[spring-context-5.3.27.jar:5.3.27]
	at org.springframework.context.support.AbstractApplicationContext.refresh(AbstractApplicationContext.java:564) ~[spring-context-5.3.27.jar:5.3.27]
	at org.springframework.boot.web.servlet.context.ServletWebServerApplicationContext.refresh(ServletWebServerApplicationContext.java:147) ~[spring-boot-2.7.12.jar:2.7.12]
	at org.springframework.boot.SpringApplication.refresh(SpringApplication.java:731) ~[spring-boot-2.7.12.jar:2.7.12]
	at org.springframework.boot.SpringApplication.refreshContext(SpringApplication.java:408) ~[spring-boot-2.7.12.jar:2.7.12]
	at org.springframework.boot.SpringApplication.run(SpringApplication.java:307) ~[spring-boot-2.7.12.jar:2.7.12]
	at org.springframework.boot.SpringApplication.run(SpringApplication.java:1303) ~[spring-boot-2.7.12.jar:2.7.12]
	at org.springframework.boot.SpringApplication.run(SpringApplication.java:1292) ~[spring-boot-2.7.12.jar:2.7.12]
	at com.hmall.item.ItemApplication.main(ItemApplication.java:15) ~[classes/:na]
Caused by: java.lang.IllegalStateException: Failed to introspect Class [com.hmall.common.config.MqConfig] from ClassLoader [jdk.internal.loader.ClassLoaders$AppClassLoader@7b1d7fff]
	at org.springframework.util.ReflectionUtils.getDeclaredMethods(ReflectionUtils.java:485) ~[spring-core-5.3.27.jar:5.3.27]
	at org.springframework.util.ReflectionUtils.doWithMethods(ReflectionUtils.java:361) ~[spring-core-5.3.27.jar:5.3.27]
	at org.springframework.util.ReflectionUtils.getUniqueDeclaredMethods(ReflectionUtils.java:418) ~[spring-core-5.3.27.jar:5.3.27]
	at org.springframework.beans.factory.support.AbstractAutowireCapableBeanFactory.lambda$getTypeForFactoryMethod$2(AbstractAutowireCapableBeanFactory.java:765) ~[spring-beans-5.3.27.jar:5.3.27]
	at java.base/java.util.concurrent.ConcurrentHashMap.computeIfAbsent(ConcurrentHashMap.java:1737) ~[na:na]
	at org.springframework.beans.factory.support.AbstractAutowireCapableBeanFactory.getTypeForFactoryMethod(AbstractAutowireCapableBeanFactory.java:764) ~[spring-beans-5.3.27.jar:5.3.27]
	at org.springframework.beans.factory.support.AbstractAutowireCapableBeanFactory.determineTargetType(AbstractAutowireCapableBeanFactory.java:703) ~[spring-beans-5.3.27.jar:5.3.27]
	at org.springframework.beans.factory.support.AbstractAutowireCapableBeanFactory.predictBeanType(AbstractAutowireCapableBeanFactory.java:674) ~[spring-beans-5.3.27.jar:5.3.27]
	at org.springframework.beans.factory.support.AbstractBeanFactory.isFactoryBean(AbstractBeanFactory.java:1684) ~[spring-beans-5.3.27.jar:5.3.27]
	at org.springframework.beans.factory.support.DefaultListableBeanFactory.doGetBeanNamesForType(DefaultListableBeanFactory.java:570) ~[spring-beans-5.3.27.jar:5.3.27]
	at org.springframework.beans.factory.support.DefaultListableBeanFactory.getBeanNamesForType(DefaultListableBeanFactory.java:542) ~[spring-beans-5.3.27.jar:5.3.27]
	at org.springframework.boot.autoconfigure.condition.OnBeanCondition.collectBeanNamesForType(OnBeanCondition.java:246) ~[spring-boot-autoconfigure-2.7.12.jar:2.7.12]
	at org.springframework.boot.autoconfigure.condition.OnBeanCondition.getBeanNamesForType(OnBeanCondition.java:239) ~[spring-boot-autoconfigure-2.7.12.jar:2.7.12]
	at org.springframework.boot.autoconfigure.condition.OnBeanCondition.getBeanNamesForType(OnBeanCondition.java:229) ~[spring-boot-autoconfigure-2.7.12.jar:2.7.12]
	at org.springframework.boot.autoconfigure.condition.OnBeanCondition.getMatchingBeans(OnBeanCondition.java:182) ~[spring-boot-autoconfigure-2.7.12.jar:2.7.12]
	at org.springframework.boot.autoconfigure.condition.OnBeanCondition.getMatchOutcome(OnBeanCondition.java:157) ~[spring-boot-autoconfigure-2.7.12.jar:2.7.12]
	at org.springframework.boot.autoconfigure.condition.SpringBootCondition.matches(SpringBootCondition.java:47) ~[spring-boot-autoconfigure-2.7.12.jar:2.7.12]
	... 17 common frames omitted
Caused by: java.lang.NoClassDefFoundError: org/springframework/amqp/support/converter/MessageConverter
	at java.base/java.lang.Class.getDeclaredMethods0(Native Method) ~[na:na]
	at java.base/java.lang.Class.privateGetDeclaredMethods(Class.java:3166) ~[na:na]
	at java.base/java.lang.Class.getDeclaredMethods(Class.java:2309) ~[na:na]
	at org.springframework.util.ReflectionUtils.getDeclaredMethods(ReflectionUtils.java:467) ~[spring-core-5.3.27.jar:5.3.27]
	... 33 common frames omitted
Caused by: java.lang.ClassNotFoundException: org.springframework.amqp.support.converter.MessageConverter
	at java.base/jdk.internal.loader.BuiltinClassLoader.loadClass(BuiltinClassLoader.java:581) ~[na:na]
	at java.base/jdk.internal.loader.ClassLoaders$AppClassLoader.loadClass(ClassLoaders.java:178) ~[na:na]
	at java.base/java.lang.ClassLoader.loadClass(ClassLoader.java:526) ~[na:na]
	... 37 common frames omitted

19:29:52:037  WARN 10680 --- [main] o.s.boot.SpringApplication               : Unable to close ApplicationContext

java.lang.IllegalStateException: Failed to introspect Class [com.hmall.common.config.MqConfig] from ClassLoader [jdk.internal.loader.ClassLoaders$AppClassLoader@7b1d7fff]
	at org.springframework.util.ReflectionUtils.getDeclaredMethods(ReflectionUtils.java:485) ~[spring-core-5.3.27.jar:5.3.27]
	at org.springframework.util.ReflectionUtils.doWithMethods(ReflectionUtils.java:361) ~[spring-core-5.3.27.jar:5.3.27]
	at org.springframework.util.ReflectionUtils.getUniqueDeclaredMethods(ReflectionUtils.java:418) ~[spring-core-5.3.27.jar:5.3.27]
	at org.springframework.beans.factory.support.AbstractAutowireCapableBeanFactory.lambda$getTypeForFactoryMethod$2(AbstractAutowireCapableBeanFactory.java:765) ~[spring-beans-5.3.27.jar:5.3.27]
	at java.base/java.util.concurrent.ConcurrentHashMap.computeIfAbsent(ConcurrentHashMap.java:1737) ~[na:na]
	at org.springframework.beans.factory.support.AbstractAutowireCapableBeanFactory.getTypeForFactoryMethod(AbstractAutowireCapableBeanFactory.java:764) ~[spring-beans-5.3.27.jar:5.3.27]
	at org.springframework.beans.factory.support.AbstractAutowireCapableBeanFactory.determineTargetType(AbstractAutowireCapableBeanFactory.java:703) ~[spring-beans-5.3.27.jar:5.3.27]
	at org.springframework.beans.factory.support.AbstractAutowireCapableBeanFactory.predictBeanType(AbstractAutowireCapableBeanFactory.java:674) ~[spring-beans-5.3.27.jar:5.3.27]
	at org.springframework.beans.factory.support.AbstractBeanFactory.isFactoryBean(AbstractBeanFactory.java:1684) ~[spring-beans-5.3.27.jar:5.3.27]
	at org.springframework.beans.factory.support.DefaultListableBeanFactory.doGetBeanNamesForType(DefaultListableBeanFactory.java:570) ~[spring-beans-5.3.27.jar:5.3.27]
	at org.springframework.beans.factory.support.DefaultListableBeanFactory.getBeanNamesForType(DefaultListableBeanFactory.java:542) ~[spring-beans-5.3.27.jar:5.3.27]
	at org.springframework.beans.factory.support.DefaultListableBeanFactory.getBeansOfType(DefaultListableBeanFactory.java:669) ~[spring-beans-5.3.27.jar:5.3.27]
	at org.springframework.beans.factory.support.DefaultListableBeanFactory.getBeansOfType(DefaultListableBeanFactory.java:661) ~[spring-beans-5.3.27.jar:5.3.27]
	at org.springframework.context.support.AbstractApplicationContext.getBeansOfType(AbstractApplicationContext.java:1302) ~[spring-context-5.3.27.jar:5.3.27]
	at org.springframework.boot.SpringApplication.getExitCodeFromMappedException(SpringApplication.java:864) ~[spring-boot-2.7.12.jar:2.7.12]
	at org.springframework.boot.SpringApplication.getExitCodeFromException(SpringApplication.java:852) ~[spring-boot-2.7.12.jar:2.7.12]
	at org.springframework.boot.SpringApplication.handleExitCode(SpringApplication.java:839) ~[spring-boot-2.7.12.jar:2.7.12]
	at org.springframework.boot.SpringApplication.handleRunFailure(SpringApplication.java:779) ~[spring-boot-2.7.12.jar:2.7.12]
	at org.springframework.boot.SpringApplication.run(SpringApplication.java:317) ~[spring-boot-2.7.12.jar:2.7.12]
	at org.springframework.boot.SpringApplication.run(SpringApplication.java:1303) ~[spring-boot-2.7.12.jar:2.7.12]
	at org.springframework.boot.SpringApplication.run(SpringApplication.java:1292) ~[spring-boot-2.7.12.jar:2.7.12]
	at com.hmall.item.ItemApplication.main(ItemApplication.java:15) ~[classes/:na]
Caused by: java.lang.NoClassDefFoundError: org/springframework/amqp/support/converter/MessageConverter
	at java.base/java.lang.Class.getDeclaredMethods0(Native Method) ~[na:na]
	at java.base/java.lang.Class.privateGetDeclaredMethods(Class.java:3166) ~[na:na]
	at java.base/java.lang.Class.getDeclaredMethods(Class.java:2309) ~[na:na]
	at org.springframework.util.ReflectionUtils.getDeclaredMethods(ReflectionUtils.java:467) ~[spring-core-5.3.27.jar:5.3.27]
	... 21 common frames omitted
Caused by: java.lang.ClassNotFoundException: org.springframework.amqp.support.converter.MessageConverter
	at java.base/jdk.internal.loader.BuiltinClassLoader.loadClass(BuiltinClassLoader.java:581) ~[na:na]
	at java.base/jdk.internal.loader.ClassLoaders$AppClassLoader.loadClass(ClassLoaders.java:178) ~[na:na]
	at java.base/java.lang.ClassLoader.loadClass(ClassLoader.java:526) ~[na:na]
	... 25 common frames omitted

19:29:52:038  WARN 10680 --- [Thread-1] c.a.n.common.http.HttpClientBeanHolder   : [HttpClientBeanHolder] Start destroying common HttpClient
19:29:52:038  WARN 10680 --- [Thread-5] c.a.nacos.common.notify.NotifyCenter     : [NotifyCenter] Start destroying Publisher
19:29:52:040  WARN 10680 --- [Thread-5] c.a.nacos.common.notify.NotifyCenter     : [NotifyCenter] Destruction of the end
19:38:52:180  INFO 31484 --- [main] com.hmall.item.ItemApplication           : The following 1 profile is active: "local"
19:38:53:128  INFO 31484 --- [main] .s.d.r.c.RepositoryConfigurationDelegate : Multiple Spring Data modules found, entering strict repository configuration mode
19:38:53:131  INFO 31484 --- [main] .s.d.r.c.RepositoryConfigurationDelegate : Bootstrapping Spring Data Redis repositories in DEFAULT mode.
19:38:53:157  INFO 31484 --- [main] .s.d.r.c.RepositoryConfigurationDelegate : Finished Spring Data repository scanning in 10 ms. Found 0 Redis repository interfaces.
19:38:53:391  INFO 31484 --- [main] o.s.cloud.context.scope.GenericScope     : BeanFactory id=1487bee2-6a91-3b44-8f16-63436127f355
19:38:53:466  INFO 31484 --- [main] trationDelegate$BeanPostProcessorChecker : Bean 'io.seata.spring.boot.autoconfigure.SeataCoreAutoConfiguration' of type [io.seata.spring.boot.autoconfigure.SeataCoreAutoConfiguration] is not eligible for getting processed by all BeanPostProcessors (for example: not eligible for auto-proxying)
19:38:53:466  INFO 31484 --- [main] trationDelegate$BeanPostProcessorChecker : Bean 'springApplicationContextProvider' of type [io.seata.spring.boot.autoconfigure.provider.SpringApplicationContextProvider] is not eligible for getting processed by all BeanPostProcessors (for example: not eligible for auto-proxying)
19:38:53:466  INFO 31484 --- [main] trationDelegate$BeanPostProcessorChecker : Bean 'io.seata.spring.boot.autoconfigure.SeataAutoConfiguration' of type [io.seata.spring.boot.autoconfigure.SeataAutoConfiguration] is not eligible for getting processed by all BeanPostProcessors (for example: not eligible for auto-proxying)
19:38:53:499  INFO 31484 --- [main] trationDelegate$BeanPostProcessorChecker : Bean 'failureHandler' of type [io.seata.tm.api.DefaultFailureHandlerImpl] is not eligible for getting processed by all BeanPostProcessors (for example: not eligible for auto-proxying)
19:38:53:502  INFO 31484 --- [main] trationDelegate$BeanPostProcessorChecker : Bean 'org.springframework.cloud.commons.config.CommonsConfigAutoConfiguration' of type [org.springframework.cloud.commons.config.CommonsConfigAutoConfiguration] is not eligible for getting processed by all BeanPostProcessors (for example: not eligible for auto-proxying)
19:38:53:502  INFO 31484 --- [main] trationDelegate$BeanPostProcessorChecker : Bean 'org.springframework.cloud.client.loadbalancer.LoadBalancerDefaultMappingsProviderAutoConfiguration' of type [org.springframework.cloud.client.loadbalancer.LoadBalancerDefaultMappingsProviderAutoConfiguration] is not eligible for getting processed by all BeanPostProcessors (for example: not eligible for auto-proxying)
19:38:53:503  INFO 31484 --- [main] trationDelegate$BeanPostProcessorChecker : Bean 'loadBalancerClientsDefaultsMappingsProvider' of type [org.springframework.cloud.client.loadbalancer.LoadBalancerDefaultMappingsProviderAutoConfiguration$$Lambda$593/0x0000000800621440] is not eligible for getting processed by all BeanPostProcessors (for example: not eligible for auto-proxying)
19:38:53:503  INFO 31484 --- [main] trationDelegate$BeanPostProcessorChecker : Bean 'defaultsBindHandlerAdvisor' of type [org.springframework.cloud.commons.config.DefaultsBindHandlerAdvisor] is not eligible for getting processed by all BeanPostProcessors (for example: not eligible for auto-proxying)
19:38:53:506  INFO 31484 --- [main] trationDelegate$BeanPostProcessorChecker : Bean 'springCloudAlibabaConfiguration' of type [io.seata.spring.boot.autoconfigure.properties.SpringCloudAlibabaConfiguration] is not eligible for getting processed by all BeanPostProcessors (for example: not eligible for auto-proxying)
19:38:53:507  INFO 31484 --- [main] trationDelegate$BeanPostProcessorChecker : Bean 'seataProperties' of type [io.seata.spring.boot.autoconfigure.properties.SeataProperties] is not eligible for getting processed by all BeanPostProcessors (for example: not eligible for auto-proxying)
19:38:53:510  INFO 31484 --- [main] i.s.s.b.a.SeataAutoConfiguration         : Automatically configure Seata
19:38:53:563  INFO 31484 --- [main] io.seata.config.ConfigurationFactory     : load Configuration from :Spring Configuration
19:38:53:569  INFO 31484 --- [main] io.seata.config.ConfigurationFactory     : load Configuration from :Spring Configuration
19:38:53:621  INFO 31484 --- [main] i.s.s.a.GlobalTransactionScanner         : Initializing Global Transaction Clients ... 
19:38:53:701  INFO 31484 --- [main] i.s.core.rpc.netty.NettyClientBootstrap  : NettyClientBootstrap has started
19:38:53:896  INFO 31484 --- [main] com.alibaba.nacos.common.remote.client   : [RpcClientFactory] create a new rpc client of 57c38800-14a3-4190-8077-3725cad7406b
19:38:53:897  INFO 31484 --- [main] com.alibaba.nacos.common.remote.client   : [57c38800-14a3-4190-8077-3725cad7406b] RpcClient init label, labels = {module=naming, source=sdk}
19:38:53:899  INFO 31484 --- [main] com.alibaba.nacos.common.remote.client   : [57c38800-14a3-4190-8077-3725cad7406b] RpcClient init, ServerListFactory = com.alibaba.nacos.client.naming.core.ServerListManager
19:38:53:899  INFO 31484 --- [main] com.alibaba.nacos.common.remote.client   : [57c38800-14a3-4190-8077-3725cad7406b] Registry connection listener to current client:com.alibaba.nacos.client.naming.remote.gprc.redo.NamingGrpcRedoService
19:38:53:900  INFO 31484 --- [main] com.alibaba.nacos.common.remote.client   : [57c38800-14a3-4190-8077-3725cad7406b] Register server push request handler:com.alibaba.nacos.client.naming.remote.gprc.NamingPushRequestHandler
19:38:53:900  INFO 31484 --- [main] com.alibaba.nacos.common.remote.client   : [57c38800-14a3-4190-8077-3725cad7406b] Try to connect to server on start up, server: {serverIp = '192.168.195.131', server main port = 8848}
19:38:54:029  INFO 31484 --- [main] com.alibaba.nacos.common.remote.client   : [57c38800-14a3-4190-8077-3725cad7406b] Success to connect to server [192.168.195.131:8848] on start up, connectionId = 1760960334450_192.168.195.1_63802
19:38:54:029  INFO 31484 --- [main] com.alibaba.nacos.common.remote.client   : [57c38800-14a3-4190-8077-3725cad7406b] Register server push request handler:com.alibaba.nacos.common.remote.client.RpcClient$ConnectResetRequestHandler
19:38:54:029  INFO 31484 --- [main] com.alibaba.nacos.common.remote.client   : [57c38800-14a3-4190-8077-3725cad7406b] Register server push request handler:com.alibaba.nacos.common.remote.client.RpcClient$$Lambda$473/0x0000000800457c40
19:38:54:029  INFO 31484 --- [com.alibaba.nacos.client.remote.worker] com.alibaba.nacos.common.remote.client   : [57c38800-14a3-4190-8077-3725cad7406b] Notify connected event to listeners.
19:38:54:071  INFO 31484 --- [main] i.s.c.r.netty.NettyClientChannelManager  : will connect to 192.168.195.131:8099
19:38:54:566  INFO 31484 --- [nacos-grpc-client-executor-6] com.alibaba.nacos.common.remote.client   : [57c38800-14a3-4190-8077-3725cad7406b] Receive server push request, request = NotifySubscriberRequest, requestId = 9
19:38:54:569  INFO 31484 --- [nacos-grpc-client-executor-6] com.alibaba.nacos.common.remote.client   : [57c38800-14a3-4190-8077-3725cad7406b] Ack server push request, request = NotifySubscriberRequest, requestId = 9
19:38:55:496  INFO 31484 --- [main] i.s.core.rpc.netty.NettyPoolableFactory  : NettyPool create channel to transactionRole:TMROLE,address:192.168.195.131:8099,msg:< RegisterTMRequest{applicationId='item-service', transactionServiceGroup='hmall'} >
19:38:56:773  INFO 31484 --- [main] i.s.c.rpc.netty.TmNettyRemotingClient    : register TM success. client version:1.5.2, server version:1.5.2,channel:[id: 0x4f748049, L:/192.168.195.1:63894 - R:/192.168.195.131:8099]
19:38:56:776  INFO 31484 --- [main] i.s.core.rpc.netty.NettyPoolableFactory  : register success, cost 40 ms, version:1.5.2,role:TMROLE,channel:[id: 0x4f748049, L:/192.168.195.1:63894 - R:/192.168.195.131:8099]
19:38:56:777  INFO 31484 --- [main] i.s.s.a.GlobalTransactionScanner         : Transaction Manager Client is initialized. applicationId[item-service] txServiceGroup[hmall]
19:38:56:783  INFO 31484 --- [main] io.seata.rm.datasource.AsyncWorker       : Async Commit Buffer Limit: 10000
19:38:56:784  INFO 31484 --- [main] i.s.rm.datasource.xa.ResourceManagerXA   : ResourceManagerXA init ...
19:38:56:789  INFO 31484 --- [main] i.s.core.rpc.netty.NettyClientBootstrap  : NettyClientBootstrap has started
19:38:56:790  INFO 31484 --- [main] i.s.s.a.GlobalTransactionScanner         : Resource Manager is initialized. applicationId[item-service] txServiceGroup[hmall]
19:38:56:790  INFO 31484 --- [main] i.s.s.a.GlobalTransactionScanner         : Global Transaction Clients are initialized. 
19:38:56:792  INFO 31484 --- [main] trationDelegate$BeanPostProcessorChecker : Bean 'io.seata.spring.boot.autoconfigure.SeataDataSourceAutoConfiguration' of type [io.seata.spring.boot.autoconfigure.SeataDataSourceAutoConfiguration] is not eligible for getting processed by all BeanPostProcessors (for example: not eligible for auto-proxying)
19:38:56:915  INFO 31484 --- [main] trationDelegate$BeanPostProcessorChecker : Bean 'com.alibaba.cloud.seata.feign.SeataFeignClientAutoConfiguration$FeignBeanPostProcessorConfiguration' of type [com.alibaba.cloud.seata.feign.SeataFeignClientAutoConfiguration$FeignBeanPostProcessorConfiguration] is not eligible for getting processed by all BeanPostProcessors (for example: not eligible for auto-proxying)
19:38:56:917  INFO 31484 --- [main] trationDelegate$BeanPostProcessorChecker : Bean 'seataFeignObjectWrapper' of type [com.alibaba.cloud.seata.feign.SeataFeignObjectWrapper] is not eligible for getting processed by all BeanPostProcessors (for example: not eligible for auto-proxying)
19:38:57:184  INFO 31484 --- [main] o.s.b.w.embedded.tomcat.TomcatWebServer  : Tomcat initialized with port(s): 8081 (http)
19:38:57:197  INFO 31484 --- [main] o.apache.catalina.core.StandardService   : Starting service [Tomcat]
19:38:57:197  INFO 31484 --- [main] org.apache.catalina.core.StandardEngine  : Starting Servlet engine: [Apache Tomcat/9.0.75]
19:38:57:447  INFO 31484 --- [main] o.a.c.c.C.[Tomcat].[localhost].[/]       : Initializing Spring embedded WebApplicationContext
19:38:57:447  INFO 31484 --- [main] w.s.c.ServletWebServerApplicationContext : Root WebApplicationContext: initialization completed in 5248 ms
19:38:57:766  INFO 31484 --- [main] com.zaxxer.hikari.HikariDataSource       : HikariPool-1 - Starting...
19:38:58:155  INFO 31484 --- [main] com.zaxxer.hikari.HikariDataSource       : HikariPool-1 - Start completed.
19:38:58:248  INFO 31484 --- [main] i.s.c.r.netty.NettyClientChannelManager  : will connect to 192.168.195.131:8099
19:38:58:249  INFO 31484 --- [main] i.s.c.rpc.netty.RmNettyRemotingClient    : RM will register :jdbc:mysql://192.168.195.131:3306/hm-item
19:38:58:250  INFO 31484 --- [main] i.s.core.rpc.netty.NettyPoolableFactory  : NettyPool create channel to transactionRole:RMROLE,address:192.168.195.131:8099,msg:< RegisterRMRequest{resourceIds='jdbc:mysql://192.168.195.131:3306/hm-item', applicationId='item-service', transactionServiceGroup='hmall'} >
19:38:58:270  INFO 31484 --- [main] i.s.c.rpc.netty.RmNettyRemotingClient    : register RM success. client version:1.5.2, server version:1.5.2,channel:[id: 0xa436b270, L:/192.168.195.1:63916 - R:/192.168.195.131:8099]
19:38:58:272  INFO 31484 --- [main] i.s.core.rpc.netty.NettyPoolableFactory  : register success, cost 17 ms, version:1.5.2,role:RMROLE,channel:[id: 0xa436b270, L:/192.168.195.1:63916 - R:/192.168.195.131:8099]
19:39:03:272  INFO 31484 --- [main] c.a.c.sentinel.SentinelWebMvcConfigurer  : [Sentinel Starter] register SentinelWebInterceptor with urlPatterns: [/**].
19:39:07:162  INFO 31484 --- [main] com.alibaba.nacos.common.remote.client   : [RpcClientFactory] create a new rpc client of ce91b762-5e2e-498f-8a0a-69fbd52d76c8
19:39:07:162  INFO 31484 --- [main] com.alibaba.nacos.common.remote.client   : [ce91b762-5e2e-498f-8a0a-69fbd52d76c8] RpcClient init label, labels = {module=naming, source=sdk}
19:39:07:163  INFO 31484 --- [main] com.alibaba.nacos.common.remote.client   : [ce91b762-5e2e-498f-8a0a-69fbd52d76c8] RpcClient init, ServerListFactory = com.alibaba.nacos.client.naming.core.ServerListManager
19:39:07:163  INFO 31484 --- [main] com.alibaba.nacos.common.remote.client   : [ce91b762-5e2e-498f-8a0a-69fbd52d76c8] Registry connection listener to current client:com.alibaba.nacos.client.naming.remote.gprc.redo.NamingGrpcRedoService
19:39:07:163  INFO 31484 --- [main] com.alibaba.nacos.common.remote.client   : [ce91b762-5e2e-498f-8a0a-69fbd52d76c8] Register server push request handler:com.alibaba.nacos.client.naming.remote.gprc.NamingPushRequestHandler
19:39:07:164  INFO 31484 --- [main] com.alibaba.nacos.common.remote.client   : [ce91b762-5e2e-498f-8a0a-69fbd52d76c8] Try to connect to server on start up, server: {serverIp = '192.168.195.131', server main port = 8848}
19:39:07:291  INFO 31484 --- [main] com.alibaba.nacos.common.remote.client   : [ce91b762-5e2e-498f-8a0a-69fbd52d76c8] Success to connect to server [192.168.195.131:8848] on start up, connectionId = 1760960347715_192.168.195.1_64124
19:39:07:291  INFO 31484 --- [main] com.alibaba.nacos.common.remote.client   : [ce91b762-5e2e-498f-8a0a-69fbd52d76c8] Register server push request handler:com.alibaba.nacos.common.remote.client.RpcClient$ConnectResetRequestHandler
19:39:07:291  INFO 31484 --- [com.alibaba.nacos.client.remote.worker] com.alibaba.nacos.common.remote.client   : [ce91b762-5e2e-498f-8a0a-69fbd52d76c8] Notify connected event to listeners.
19:39:07:291  INFO 31484 --- [main] com.alibaba.nacos.common.remote.client   : [ce91b762-5e2e-498f-8a0a-69fbd52d76c8] Register server push request handler:com.alibaba.nacos.common.remote.client.RpcClient$$Lambda$473/0x0000000800457c40
19:39:07:315  INFO 31484 --- [main] o.s.b.w.embedded.tomcat.TomcatWebServer  : Tomcat started on port(s): 8081 (http) with context path ''
19:39:07:325  INFO 31484 --- [main] c.a.c.n.registry.NacosServiceRegistry    : nacos registry, DEFAULT_GROUP item-service 192.168.3.126:8081 register finished
19:39:07:893  INFO 31484 --- [nacos-grpc-client-executor-7] com.alibaba.nacos.common.remote.client   : [ce91b762-5e2e-498f-8a0a-69fbd52d76c8] Receive server push request, request = NotifySubscriberRequest, requestId = 11
19:39:07:894  INFO 31484 --- [nacos-grpc-client-executor-7] com.alibaba.nacos.common.remote.client   : [ce91b762-5e2e-498f-8a0a-69fbd52d76c8] Ack server push request, request = NotifySubscriberRequest, requestId = 11
19:39:08:680  INFO 31484 --- [main] com.hmall.item.ItemApplication           : Started ItemApplication in 22.301 seconds (JVM running for 23.505)
19:39:08:686  INFO 31484 --- [main] c.a.c.n.refresh.NacosContextRefresher    : [Nacos Config] Listening config: dataId=item-service.yaml, group=DEFAULT_GROUP
19:39:08:687  INFO 31484 --- [main] c.a.c.n.refresh.NacosContextRefresher    : [Nacos Config] Listening config: dataId=item-service-local.yaml, group=DEFAULT_GROUP
19:39:08:688  INFO 31484 --- [main] c.a.c.n.refresh.NacosContextRefresher    : [Nacos Config] Listening config: dataId=item-service, group=DEFAULT_GROUP
19:39:14:655  INFO 28820 --- [main] com.hmall.item.ItemApplication           : The following 1 profile is active: "local"
19:39:15:617  INFO 28820 --- [main] .s.d.r.c.RepositoryConfigurationDelegate : Multiple Spring Data modules found, entering strict repository configuration mode
19:39:15:621  INFO 28820 --- [main] .s.d.r.c.RepositoryConfigurationDelegate : Bootstrapping Spring Data Redis repositories in DEFAULT mode.
19:39:15:650  INFO 28820 --- [main] .s.d.r.c.RepositoryConfigurationDelegate : Finished Spring Data repository scanning in 13 ms. Found 0 Redis repository interfaces.
19:39:16:050  INFO 28820 --- [main] o.s.cloud.context.scope.GenericScope     : BeanFactory id=1487bee2-6a91-3b44-8f16-63436127f355
19:39:16:158  INFO 28820 --- [main] trationDelegate$BeanPostProcessorChecker : Bean 'io.seata.spring.boot.autoconfigure.SeataCoreAutoConfiguration' of type [io.seata.spring.boot.autoconfigure.SeataCoreAutoConfiguration] is not eligible for getting processed by all BeanPostProcessors (for example: not eligible for auto-proxying)
19:39:16:158  INFO 28820 --- [main] trationDelegate$BeanPostProcessorChecker : Bean 'springApplicationContextProvider' of type [io.seata.spring.boot.autoconfigure.provider.SpringApplicationContextProvider] is not eligible for getting processed by all BeanPostProcessors (for example: not eligible for auto-proxying)
19:39:16:159  INFO 28820 --- [main] trationDelegate$BeanPostProcessorChecker : Bean 'io.seata.spring.boot.autoconfigure.SeataAutoConfiguration' of type [io.seata.spring.boot.autoconfigure.SeataAutoConfiguration] is not eligible for getting processed by all BeanPostProcessors (for example: not eligible for auto-proxying)
19:39:16:204  INFO 28820 --- [main] trationDelegate$BeanPostProcessorChecker : Bean 'failureHandler' of type [io.seata.tm.api.DefaultFailureHandlerImpl] is not eligible for getting processed by all BeanPostProcessors (for example: not eligible for auto-proxying)
19:39:16:207  INFO 28820 --- [main] trationDelegate$BeanPostProcessorChecker : Bean 'org.springframework.cloud.commons.config.CommonsConfigAutoConfiguration' of type [org.springframework.cloud.commons.config.CommonsConfigAutoConfiguration] is not eligible for getting processed by all BeanPostProcessors (for example: not eligible for auto-proxying)
19:39:16:208  INFO 28820 --- [main] trationDelegate$BeanPostProcessorChecker : Bean 'org.springframework.cloud.client.loadbalancer.LoadBalancerDefaultMappingsProviderAutoConfiguration' of type [org.springframework.cloud.client.loadbalancer.LoadBalancerDefaultMappingsProviderAutoConfiguration] is not eligible for getting processed by all BeanPostProcessors (for example: not eligible for auto-proxying)
19:39:16:208  INFO 28820 --- [main] trationDelegate$BeanPostProcessorChecker : Bean 'loadBalancerClientsDefaultsMappingsProvider' of type [org.springframework.cloud.client.loadbalancer.LoadBalancerDefaultMappingsProviderAutoConfiguration$$Lambda$593/0x0000000800629440] is not eligible for getting processed by all BeanPostProcessors (for example: not eligible for auto-proxying)
19:39:16:209  INFO 28820 --- [main] trationDelegate$BeanPostProcessorChecker : Bean 'defaultsBindHandlerAdvisor' of type [org.springframework.cloud.commons.config.DefaultsBindHandlerAdvisor] is not eligible for getting processed by all BeanPostProcessors (for example: not eligible for auto-proxying)
19:39:16:211  INFO 28820 --- [main] trationDelegate$BeanPostProcessorChecker : Bean 'springCloudAlibabaConfiguration' of type [io.seata.spring.boot.autoconfigure.properties.SpringCloudAlibabaConfiguration] is not eligible for getting processed by all BeanPostProcessors (for example: not eligible for auto-proxying)
19:39:16:214  INFO 28820 --- [main] trationDelegate$BeanPostProcessorChecker : Bean 'seataProperties' of type [io.seata.spring.boot.autoconfigure.properties.SeataProperties] is not eligible for getting processed by all BeanPostProcessors (for example: not eligible for auto-proxying)
19:39:16:216  INFO 28820 --- [main] i.s.s.b.a.SeataAutoConfiguration         : Automatically configure Seata
19:39:16:267  INFO 28820 --- [main] io.seata.config.ConfigurationFactory     : load Configuration from :Spring Configuration
19:39:16:274  INFO 28820 --- [main] io.seata.config.ConfigurationFactory     : load Configuration from :Spring Configuration
19:39:16:329  INFO 28820 --- [main] i.s.s.a.GlobalTransactionScanner         : Initializing Global Transaction Clients ... 
19:39:16:390  INFO 28820 --- [main] i.s.core.rpc.netty.NettyClientBootstrap  : NettyClientBootstrap has started
19:39:16:536  INFO 28820 --- [main] com.alibaba.nacos.common.remote.client   : [RpcClientFactory] create a new rpc client of 98049a21-2e21-4330-b24c-6ee6a424260d
19:39:16:536  INFO 28820 --- [main] com.alibaba.nacos.common.remote.client   : [98049a21-2e21-4330-b24c-6ee6a424260d] RpcClient init label, labels = {module=naming, source=sdk}
19:39:16:537  INFO 28820 --- [main] com.alibaba.nacos.common.remote.client   : [98049a21-2e21-4330-b24c-6ee6a424260d] RpcClient init, ServerListFactory = com.alibaba.nacos.client.naming.core.ServerListManager
19:39:16:537  INFO 28820 --- [main] com.alibaba.nacos.common.remote.client   : [98049a21-2e21-4330-b24c-6ee6a424260d] Registry connection listener to current client:com.alibaba.nacos.client.naming.remote.gprc.redo.NamingGrpcRedoService
19:39:16:537  INFO 28820 --- [main] com.alibaba.nacos.common.remote.client   : [98049a21-2e21-4330-b24c-6ee6a424260d] Register server push request handler:com.alibaba.nacos.client.naming.remote.gprc.NamingPushRequestHandler
19:39:16:538  INFO 28820 --- [main] com.alibaba.nacos.common.remote.client   : [98049a21-2e21-4330-b24c-6ee6a424260d] Try to connect to server on start up, server: {serverIp = '192.168.195.131', server main port = 8848}
19:39:16:662  INFO 28820 --- [main] com.alibaba.nacos.common.remote.client   : [98049a21-2e21-4330-b24c-6ee6a424260d] Success to connect to server [192.168.195.131:8848] on start up, connectionId = 1760960357089_192.168.195.1_64263
19:39:16:662  INFO 28820 --- [main] com.alibaba.nacos.common.remote.client   : [98049a21-2e21-4330-b24c-6ee6a424260d] Register server push request handler:com.alibaba.nacos.common.remote.client.RpcClient$ConnectResetRequestHandler
19:39:16:662  INFO 28820 --- [main] com.alibaba.nacos.common.remote.client   : [98049a21-2e21-4330-b24c-6ee6a424260d] Register server push request handler:com.alibaba.nacos.common.remote.client.RpcClient$$Lambda$473/0x0000000800457c40
19:39:16:662  INFO 28820 --- [com.alibaba.nacos.client.remote.worker] com.alibaba.nacos.common.remote.client   : [98049a21-2e21-4330-b24c-6ee6a424260d] Notify connected event to listeners.
19:39:16:693  INFO 28820 --- [main] i.s.c.r.netty.NettyClientChannelManager  : will connect to 192.168.195.131:8099
19:39:17:214  INFO 28820 --- [nacos-grpc-client-executor-5] com.alibaba.nacos.common.remote.client   : [98049a21-2e21-4330-b24c-6ee6a424260d] Receive server push request, request = NotifySubscriberRequest, requestId = 15
19:39:17:216  INFO 28820 --- [nacos-grpc-client-executor-5] com.alibaba.nacos.common.remote.client   : [98049a21-2e21-4330-b24c-6ee6a424260d] Ack server push request, request = NotifySubscriberRequest, requestId = 15
19:39:17:625  INFO 28820 --- [main] i.s.core.rpc.netty.NettyPoolableFactory  : NettyPool create channel to transactionRole:TMROLE,address:192.168.195.131:8099,msg:< RegisterTMRequest{applicationId='item-service', transactionServiceGroup='hmall'} >
19:39:18:174  INFO 28820 --- [main] i.s.c.rpc.netty.TmNettyRemotingClient    : register TM success. client version:1.5.2, server version:1.5.2,channel:[id: 0xa80281ba, L:/192.168.195.1:64288 - R:/192.168.195.131:8099]
19:39:18:177  INFO 28820 --- [main] i.s.core.rpc.netty.NettyPoolableFactory  : register success, cost 37 ms, version:1.5.2,role:TMROLE,channel:[id: 0xa80281ba, L:/192.168.195.1:64288 - R:/192.168.195.131:8099]
19:39:18:178  INFO 28820 --- [main] i.s.s.a.GlobalTransactionScanner         : Transaction Manager Client is initialized. applicationId[item-service] txServiceGroup[hmall]
19:39:18:184  INFO 28820 --- [main] io.seata.rm.datasource.AsyncWorker       : Async Commit Buffer Limit: 10000
19:39:18:185  INFO 28820 --- [main] i.s.rm.datasource.xa.ResourceManagerXA   : ResourceManagerXA init ...
19:39:18:190  INFO 28820 --- [main] i.s.core.rpc.netty.NettyClientBootstrap  : NettyClientBootstrap has started
19:39:18:191  INFO 28820 --- [main] i.s.s.a.GlobalTransactionScanner         : Resource Manager is initialized. applicationId[item-service] txServiceGroup[hmall]
19:39:18:191  INFO 28820 --- [main] i.s.s.a.GlobalTransactionScanner         : Global Transaction Clients are initialized. 
19:39:18:192  INFO 28820 --- [main] trationDelegate$BeanPostProcessorChecker : Bean 'io.seata.spring.boot.autoconfigure.SeataDataSourceAutoConfiguration' of type [io.seata.spring.boot.autoconfigure.SeataDataSourceAutoConfiguration] is not eligible for getting processed by all BeanPostProcessors (for example: not eligible for auto-proxying)
19:39:18:323  INFO 28820 --- [main] trationDelegate$BeanPostProcessorChecker : Bean 'com.alibaba.cloud.seata.feign.SeataFeignClientAutoConfiguration$FeignBeanPostProcessorConfiguration' of type [com.alibaba.cloud.seata.feign.SeataFeignClientAutoConfiguration$FeignBeanPostProcessorConfiguration] is not eligible for getting processed by all BeanPostProcessors (for example: not eligible for auto-proxying)
19:39:18:325  INFO 28820 --- [main] trationDelegate$BeanPostProcessorChecker : Bean 'seataFeignObjectWrapper' of type [com.alibaba.cloud.seata.feign.SeataFeignObjectWrapper] is not eligible for getting processed by all BeanPostProcessors (for example: not eligible for auto-proxying)
19:39:18:572  INFO 28820 --- [main] o.s.b.w.embedded.tomcat.TomcatWebServer  : Tomcat initialized with port(s): 8083 (http)
19:39:18:581  INFO 28820 --- [main] o.apache.catalina.core.StandardService   : Starting service [Tomcat]
19:39:18:581  INFO 28820 --- [main] org.apache.catalina.core.StandardEngine  : Starting Servlet engine: [Apache Tomcat/9.0.75]
19:39:18:752  INFO 28820 --- [main] o.a.c.c.C.[Tomcat].[localhost].[/]       : Initializing Spring embedded WebApplicationContext
19:39:18:752  INFO 28820 --- [main] w.s.c.ServletWebServerApplicationContext : Root WebApplicationContext: initialization completed in 4063 ms
19:39:18:937  INFO 28820 --- [main] com.zaxxer.hikari.HikariDataSource       : HikariPool-1 - Starting...
19:39:19:133  INFO 28820 --- [main] com.zaxxer.hikari.HikariDataSource       : HikariPool-1 - Start completed.
19:39:19:207  INFO 28820 --- [main] i.s.c.r.netty.NettyClientChannelManager  : will connect to 192.168.195.131:8099
19:39:19:208  INFO 28820 --- [main] i.s.c.rpc.netty.RmNettyRemotingClient    : RM will register :jdbc:mysql://192.168.195.131:3306/hm-item
19:39:19:208  INFO 28820 --- [main] i.s.core.rpc.netty.NettyPoolableFactory  : NettyPool create channel to transactionRole:RMROLE,address:192.168.195.131:8099,msg:< RegisterRMRequest{resourceIds='jdbc:mysql://192.168.195.131:3306/hm-item', applicationId='item-service', transactionServiceGroup='hmall'} >
19:39:19:221  INFO 28820 --- [main] i.s.c.rpc.netty.RmNettyRemotingClient    : register RM success. client version:1.5.2, server version:1.5.2,channel:[id: 0xdfe4bb34, L:/192.168.195.1:64300 - R:/192.168.195.131:8099]
19:39:19:222  INFO 28820 --- [main] i.s.core.rpc.netty.NettyPoolableFactory  : register success, cost 9 ms, version:1.5.2,role:RMROLE,channel:[id: 0xdfe4bb34, L:/192.168.195.1:64300 - R:/192.168.195.131:8099]
19:39:22:228  INFO 28820 --- [main] c.a.c.sentinel.SentinelWebMvcConfigurer  : [Sentinel Starter] register SentinelWebInterceptor with urlPatterns: [/**].
19:39:24:200  INFO 28820 --- [main] com.alibaba.nacos.common.remote.client   : [RpcClientFactory] create a new rpc client of 2f48ce15-ca51-45e1-b071-13e57577af15
19:39:24:201  INFO 28820 --- [main] com.alibaba.nacos.common.remote.client   : [2f48ce15-ca51-45e1-b071-13e57577af15] RpcClient init label, labels = {module=naming, source=sdk}
19:39:24:201  INFO 28820 --- [main] com.alibaba.nacos.common.remote.client   : [2f48ce15-ca51-45e1-b071-13e57577af15] RpcClient init, ServerListFactory = com.alibaba.nacos.client.naming.core.ServerListManager
19:39:24:201  INFO 28820 --- [main] com.alibaba.nacos.common.remote.client   : [2f48ce15-ca51-45e1-b071-13e57577af15] Registry connection listener to current client:com.alibaba.nacos.client.naming.remote.gprc.redo.NamingGrpcRedoService
19:39:24:201  INFO 28820 --- [main] com.alibaba.nacos.common.remote.client   : [2f48ce15-ca51-45e1-b071-13e57577af15] Register server push request handler:com.alibaba.nacos.client.naming.remote.gprc.NamingPushRequestHandler
19:39:24:202  INFO 28820 --- [main] com.alibaba.nacos.common.remote.client   : [2f48ce15-ca51-45e1-b071-13e57577af15] Try to connect to server on start up, server: {serverIp = '192.168.195.131', server main port = 8848}
19:39:24:322  INFO 28820 --- [main] com.alibaba.nacos.common.remote.client   : [2f48ce15-ca51-45e1-b071-13e57577af15] Success to connect to server [192.168.195.131:8848] on start up, connectionId = 1760960364748_192.168.195.1_57915
19:39:24:323  INFO 28820 --- [main] com.alibaba.nacos.common.remote.client   : [2f48ce15-ca51-45e1-b071-13e57577af15] Register server push request handler:com.alibaba.nacos.common.remote.client.RpcClient$ConnectResetRequestHandler
19:39:24:323  INFO 28820 --- [com.alibaba.nacos.client.remote.worker] com.alibaba.nacos.common.remote.client   : [2f48ce15-ca51-45e1-b071-13e57577af15] Notify connected event to listeners.
19:39:24:323  INFO 28820 --- [main] com.alibaba.nacos.common.remote.client   : [2f48ce15-ca51-45e1-b071-13e57577af15] Register server push request handler:com.alibaba.nacos.common.remote.client.RpcClient$$Lambda$473/0x0000000800457c40
19:39:24:346  INFO 28820 --- [main] o.s.b.w.embedded.tomcat.TomcatWebServer  : Tomcat started on port(s): 8083 (http) with context path ''
19:39:24:355  INFO 28820 --- [main] c.a.c.n.registry.NacosServiceRegistry    : nacos registry, DEFAULT_GROUP item-service 192.168.3.126:8083 register finished
19:39:24:821  INFO 28820 --- [main] com.hmall.item.ItemApplication           : Started ItemApplication in 20.137 seconds (JVM running for 21.899)
19:39:24:824  INFO 28820 --- [main] c.a.c.n.refresh.NacosContextRefresher    : [Nacos Config] Listening config: dataId=item-service.yaml, group=DEFAULT_GROUP
19:39:24:825  INFO 28820 --- [main] c.a.c.n.refresh.NacosContextRefresher    : [Nacos Config] Listening config: dataId=item-service-local.yaml, group=DEFAULT_GROUP
19:39:24:825  INFO 28820 --- [main] c.a.c.n.refresh.NacosContextRefresher    : [Nacos Config] Listening config: dataId=item-service, group=DEFAULT_GROUP
19:39:24:923  INFO 31484 --- [nacos-grpc-client-executor-12] com.alibaba.nacos.common.remote.client   : [ce91b762-5e2e-498f-8a0a-69fbd52d76c8] Receive server push request, request = NotifySubscriberRequest, requestId = 19
19:39:24:924  INFO 28820 --- [nacos-grpc-client-executor-5] com.alibaba.nacos.common.remote.client   : [2f48ce15-ca51-45e1-b071-13e57577af15] Receive server push request, request = NotifySubscriberRequest, requestId = 20
19:39:24:927  INFO 31484 --- [nacos-grpc-client-executor-12] com.alibaba.nacos.common.remote.client   : [ce91b762-5e2e-498f-8a0a-69fbd52d76c8] Ack server push request, request = NotifySubscriberRequest, requestId = 19
19:39:24:927  INFO 28820 --- [nacos-grpc-client-executor-5] com.alibaba.nacos.common.remote.client   : [2f48ce15-ca51-45e1-b071-13e57577af15] Ack server push request, request = NotifySubscriberRequest, requestId = 20
19:44:11:084  INFO 28820 --- [http-nio-8083-exec-1] o.a.c.c.C.[Tomcat].[localhost].[/]       : Initializing Spring DispatcherServlet 'dispatcherServlet'
19:44:11:084  INFO 28820 --- [http-nio-8083-exec-1] o.s.web.servlet.DispatcherServlet        : Initializing Servlet 'dispatcherServlet'
19:44:11:086  INFO 28820 --- [http-nio-8083-exec-1] o.s.web.servlet.DispatcherServlet        : Completed initialization in 1 ms
19:44:11:235 DEBUG 28820 --- [http-nio-8083-exec-1] c.h.i.mapper.ItemMapper.selectBatchIds   : ==>  Preparing: SELECT id,name,price,stock,image,category,brand,spec,sold,comment_count,isAD,status,create_time,update_time,creater,updater FROM item WHERE id IN ( ? )
19:44:11:255 DEBUG 28820 --- [http-nio-8083-exec-1] c.h.i.mapper.ItemMapper.selectBatchIds   : ==> Parameters: 100000003145(Long)
19:44:11:293 DEBUG 28820 --- [http-nio-8083-exec-1] c.h.i.mapper.ItemMapper.selectBatchIds   : <==      Total: 1
19:44:12:636  INFO 31484 --- [http-nio-8081-exec-1] o.a.c.c.C.[Tomcat].[localhost].[/]       : Initializing Spring DispatcherServlet 'dispatcherServlet'
19:44:12:636  INFO 31484 --- [http-nio-8081-exec-1] o.s.web.servlet.DispatcherServlet        : Initializing Servlet 'dispatcherServlet'
19:44:12:640  INFO 31484 --- [http-nio-8081-exec-1] o.s.web.servlet.DispatcherServlet        : Completed initialization in 3 ms
19:44:12:861 DEBUG 31484 --- [http-nio-8081-exec-1] c.h.i.mapper.ItemMapper.selectBatchIds   : ==>  Preparing: SELECT id,name,price,stock,image,category,brand,spec,sold,comment_count,isAD,status,create_time,update_time,creater,updater FROM item WHERE id IN ( ? )
19:44:12:896 DEBUG 31484 --- [http-nio-8081-exec-1] c.h.i.mapper.ItemMapper.selectBatchIds   : ==> Parameters: 100000003145(Long)
19:44:12:925 DEBUG 31484 --- [http-nio-8081-exec-1] c.h.i.mapper.ItemMapper.selectBatchIds   : <==      Total: 1
19:44:21:857 DEBUG 28820 --- [http-nio-8083-exec-2] c.h.i.mapper.ItemMapper.selectBatchIds   : ==>  Preparing: SELECT id,name,price,stock,image,category,brand,spec,sold,comment_count,isAD,status,create_time,update_time,creater,updater FROM item WHERE id IN ( ? )
19:44:21:911 DEBUG 28820 --- [http-nio-8083-exec-2] c.h.i.mapper.ItemMapper.selectBatchIds   : ==> Parameters: 100000003145(Long)
19:44:21:915 DEBUG 28820 --- [http-nio-8083-exec-2] c.h.i.mapper.ItemMapper.selectBatchIds   : <==      Total: 1
19:44:22:650 DEBUG 31484 --- [http-nio-8081-exec-2] c.h.item.mapper.ItemMapper.updateStock   : ==>  Preparing: UPDATE item SET stock = stock - ? WHERE id = ?
19:44:22:703 DEBUG 31484 --- [http-nio-8081-exec-2] c.h.item.mapper.ItemMapper.updateStock   : ==> Parameters: 2(Integer), 100000003145(Long)
19:44:22:921  INFO 31484 --- [rpcDispatch_RMROLE_1_1_32] i.s.c.r.p.c.RmBranchCommitProcessor      : rm client handle branch commit process:xid=192.168.195.131:8099:36735349718872065,branchId=36735349718872074,branchType=AT,resourceId=jdbc:mysql://192.168.195.131:3306/hm-item,applicationData={"autoCommit":false}
19:44:22:924  INFO 31484 --- [rpcDispatch_RMROLE_1_1_32] io.seata.rm.AbstractRMHandler            : Branch committing: 192.168.195.131:8099:36735349718872065 36735349718872074 jdbc:mysql://192.168.195.131:3306/hm-item {"autoCommit":false}
19:44:22:925  INFO 31484 --- [rpcDispatch_RMROLE_1_1_32] io.seata.rm.AbstractRMHandler            : Branch commit result: PhaseTwo_Committed
20:01:05:509  WARN 31484 --- [Thread-5] c.a.nacos.common.notify.NotifyCenter     : [NotifyCenter] Start destroying Publisher
20:01:05:507  WARN 31484 --- [Thread-1] c.a.n.common.http.HttpClientBeanHolder   : [HttpClientBeanHolder] Start destroying common HttpClient
20:01:05:515  WARN 31484 --- [Thread-5] c.a.nacos.common.notify.NotifyCenter     : [NotifyCenter] Destruction of the end
20:01:05:512  WARN 28820 --- [Thread-5] c.a.nacos.common.notify.NotifyCenter     : [NotifyCenter] Start destroying Publisher
20:01:05:517  WARN 28820 --- [Thread-1] c.a.n.common.http.HttpClientBeanHolder   : [HttpClientBeanHolder] Start destroying common HttpClient
20:01:05:521  WARN 31484 --- [Thread-1] c.a.n.common.http.HttpClientBeanHolder   : [HttpClientBeanHolder] Destruction of the end
20:01:05:521  WARN 28820 --- [Thread-5] c.a.nacos.common.notify.NotifyCenter     : [NotifyCenter] Destruction of the end
20:01:05:529  WARN 28820 --- [Thread-1] c.a.n.common.http.HttpClientBeanHolder   : [HttpClientBeanHolder] Destruction of the end
20:01:06:939  INFO 28820 --- [SpringContextShutdownHook] c.a.c.n.registry.NacosServiceRegistry    : De-registering from Nacos Server now...
20:01:06:945  INFO 28820 --- [SpringContextShutdownHook] c.a.c.n.registry.NacosServiceRegistry    : De-registration finished.
20:01:06:950  INFO 31484 --- [SpringContextShutdownHook] c.a.c.n.registry.NacosServiceRegistry    : De-registering from Nacos Server now...
20:01:06:954  INFO 31484 --- [SpringContextShutdownHook] c.a.c.n.registry.NacosServiceRegistry    : De-registration finished.
20:01:07:278  INFO 31484 --- [SpringContextShutdownHook] com.alibaba.nacos.common.remote.client   : Shutdown rpc client, set status to shutdown
20:01:07:279  INFO 31484 --- [SpringContextShutdownHook] com.alibaba.nacos.common.remote.client   : Shutdown client event executor java.util.concurrent.ScheduledThreadPoolExecutor@2f6c3899[Running, pool size = 2, active threads = 2, queued tasks = 0, completed tasks = 0]
20:01:07:279  INFO 31484 --- [SpringContextShutdownHook] com.alibaba.nacos.common.remote.client   : Close current connection 1760960347715_192.168.195.1_64124
20:01:07:279  INFO 28820 --- [SpringContextShutdownHook] com.alibaba.nacos.common.remote.client   : Shutdown rpc client, set status to shutdown
20:01:07:280  INFO 28820 --- [SpringContextShutdownHook] com.alibaba.nacos.common.remote.client   : Shutdown client event executor java.util.concurrent.ScheduledThreadPoolExecutor@7d4ffa88[Running, pool size = 2, active threads = 2, queued tasks = 0, completed tasks = 0]
20:01:07:281  INFO 28820 --- [SpringContextShutdownHook] com.alibaba.nacos.common.remote.client   : Close current connection 1760960364748_192.168.195.1_57915
20:01:07:282  INFO 31484 --- [nacos-grpc-client-executor-282] c.a.n.c.remote.client.grpc.GrpcClient    : [1760960347715_192.168.195.1_64124]Ignore complete event,isRunning:false,isAbandon=false
20:01:07:284  INFO 28820 --- [nacos-grpc-client-executor-276] c.a.n.c.remote.client.grpc.GrpcClient    : [1760960364748_192.168.195.1_57915]Ignore complete event,isRunning:false,isAbandon=false
20:01:07:285  INFO 28820 --- [SpringContextShutdownHook] c.a.n.c.remote.client.grpc.GrpcClient    : Shutdown grpc executor java.util.concurrent.ThreadPoolExecutor@14050155[Running, pool size = 6, active threads = 0, queued tasks = 0, completed tasks = 277]
20:01:07:291  INFO 31484 --- [SpringContextShutdownHook] c.a.n.c.remote.client.grpc.GrpcClient    : Shutdown grpc executor java.util.concurrent.ThreadPoolExecutor@387985f0[Running, pool size = 5, active threads = 0, queued tasks = 0, completed tasks = 283]
20:01:07:292  INFO 28820 --- [SpringContextShutdownHook] com.zaxxer.hikari.HikariDataSource       : HikariPool-1 - Shutdown initiated...
20:01:07:300  INFO 31484 --- [SpringContextShutdownHook] com.zaxxer.hikari.HikariDataSource       : HikariPool-1 - Shutdown initiated...
20:01:07:358  INFO 28820 --- [SpringContextShutdownHook] com.zaxxer.hikari.HikariDataSource       : HikariPool-1 - Shutdown completed.
20:01:07:367  INFO 31484 --- [SpringContextShutdownHook] com.zaxxer.hikari.HikariDataSource       : HikariPool-1 - Shutdown completed.
20:01:07:375  INFO 31484 --- [NettyClientSelector_RMROLE_1_1] i.s.c.r.n.AbstractNettyRemotingClient    : channel inactive: [id: 0xa436b270, L:/192.168.195.1:63916 ! R:/192.168.195.131:8099]
20:01:07:375  INFO 31484 --- [NettyClientSelector_RMROLE_1_1] i.s.c.r.netty.NettyClientChannelManager  : return to pool, rm channel:[id: 0xa436b270, L:/192.168.195.1:63916 ! R:/192.168.195.131:8099]
20:01:07:377  INFO 31484 --- [NettyClientSelector_RMROLE_1_1] i.s.core.rpc.netty.NettyPoolableFactory  : channel valid false,channel:[id: 0xa436b270, L:/192.168.195.1:63916 ! R:/192.168.195.131:8099]
20:01:07:377  INFO 31484 --- [NettyClientSelector_RMROLE_1_1] i.s.core.rpc.netty.NettyPoolableFactory  : will destroy channel:[id: 0xa436b270, L:/192.168.195.1:63916 ! R:/192.168.195.131:8099]
20:01:07:378  INFO 31484 --- [NettyClientSelector_RMROLE_1_1] i.s.c.r.n.AbstractNettyRemotingClient    : ChannelHandlerContext(AbstractNettyRemotingClient$ClientHandler#0, [id: 0xa436b270, L:/192.168.195.1:63916 ! R:/192.168.195.131:8099]) will closed
20:01:07:378  INFO 31484 --- [NettyClientSelector_RMROLE_1_1] i.s.c.r.n.AbstractNettyRemotingClient    : ChannelHandlerContext(AbstractNettyRemotingClient$ClientHandler#0, [id: 0xa436b270, L:/192.168.195.1:63916 ! R:/192.168.195.131:8099]) will closed
